#
# A fatal error has been detected by the Java Runtime Environment:
#
#  EXCEPTION_ACCESS_VIOLATION (0xc0000005) at pc=0x00007ff87c94bbdf, pid=3292, tid=7368
#
# JRE version: Java(TM) SE Runtime Environment (8.0_60-b27) (build 1.8.0_60-b27)
# Java VM: Java HotSpot(TM) 64-Bit Server VM (25.60-b23 mixed mode windows-amd64 compressed oops)
# Problematic frame:
# C  [ntdll.dll+0x3bbdf]
#
# Failed to write core dump. Minidumps are not enabled by default on client versions of Windows
#
# If you would like to submit a bug report, please visit:
#   http://bugreport.java.com/bugreport/crash.jsp
# The crash happened outside the Java Virtual Machine in native code.
# See problematic frame for where to report the bug.
#

---------------  T H R E A D  ---------------

Current thread (0x00000000195e7000):  JavaThread "Thread-8" [_thread_in_native, id=7368, stack(0x0000000023360000,0x0000000023460000)]

siginfo: ExceptionCode=0xc0000005, writing address 0x0000000000000024

Registers:
RAX=0x0000000000000000, RBX=0x0000000018d2eb28, RCX=0x0000000018d2eb28, RDX=0xffffffffffffffff
RSP=0x000000002345f290, RBP=0x000000002345f300, RSI=0x0000000000000000, RDI=0x0000000000000000
R8 =0x0000000000000000, R9 =0x00007ff836e5e600, R10=0x0000000000000000, R11=0x0000000000000246
R12=0x0000000000000000, R13=0x000000001d292f50, R14=0x0000000000000001, R15=0x0000000000000000
RIP=0x00007ff87c94bbdf, EFLAGS=0x0000000000010213

Top of Stack: (sp=0x000000002345f290)
0x000000002345f290:   ffffffffffffffff 0000000018d2eb28
0x000000002345f2a0:   0000000000000000 0000000000000001
0x000000002345f2b0:   00000000195e7000 000000002345f560
0x000000002345f2c0:   000000001cf99ce0 00000000006ff000
0x000000002345f2d0:   00000000000000a8 0000000000000008
0x000000002345f2e0:   00007ff836e5e640 00000000508a8d17
0x000000002345f2f0:   0000000000000000 00007ff8793e988f
0x000000002345f300:   00000000195e7000 0000000000000001
0x000000002345f310:   000000001d292f50 0000000000000000
0x000000002345f320:   0000000000000000 0000000000000000
0x000000002345f330:   0000000000000001 00007ff87c924571
0x000000002345f340:   0000000000000000 0000000018d2eb28
0x000000002345f350:   00000000fffffffa 0000000000000000
0x000000002345f360:   000000002345f560 00007ff87c924490
0x000000002345f370:   00007ff836e5e640 00007ff836e5e600
0x000000002345f380:   0000000000000000 00000000000001e0 

Instructions: (pc=0x00007ff87c94bbdf)
0x00007ff87c94bbbf:   0f 45 fe 48 39 73 18 0f 84 9e 01 00 00 48 83 3b
0x00007ff87c94bbcf:   ff 0f 84 a1 01 00 00 48 8b 03 48 83 f8 ff 74 03
0x00007ff87c94bbdf:   ff 40 24 48 8b 7b 18 44 8b ee 48 89 7d c0 e8 ee
0x00007ff87c94bbef:   57 ff ff 85 c0 0f 85 e2 fe 07 00 b9 82 03 fe 7f 


Register to memory mapping:

RAX=0x0000000000000000 is an unknown value
RBX=0x0000000018d2eb28 is an unknown value
RCX=0x0000000018d2eb28 is an unknown value
RDX=0xffffffffffffffff is an unknown value
RSP=0x000000002345f290 is pointing into the stack for thread: 0x00000000195e7000
RBP=0x000000002345f300 is pointing into the stack for thread: 0x00000000195e7000
RSI=0x0000000000000000 is an unknown value
RDI=0x0000000000000000 is an unknown value
R8 =0x0000000000000000 is an unknown value
R9 =0x00007ff836e5e600 is an unknown value
R10=0x0000000000000000 is an unknown value
R11=0x0000000000000246 is an unknown value
R12=0x0000000000000000 is an unknown value
R13=0x000000001d292f50 is an unknown value
R14=0x0000000000000001 is an unknown value
R15=0x0000000000000000 is an unknown value


Stack: [0x0000000023360000,0x0000000023460000],  sp=0x000000002345f290,  free space=1020k
Native frames: (J=compiled Java code, j=interpreted, Vv=VM code, C=native code)
C  [ntdll.dll+0x3bbdf]
C  [ntdll.dll+0x14571]
C  [ntdll.dll+0x14490]
C  [opencv_highgui249.dll+0x15963]
C  [opencv_highgui249.dll+0x16946]
C  [opencv_highgui249.dll+0x1129]
C  [jniopencv_highgui.dll+0x13e7b]
C  0x00000000025f5e34

Java frames: (J=compiled Java code, j=interpreted, Vv=VM code)
j  org.bytedeco.javacpp.opencv_highgui.cvRetrieveFrame(Lorg/bytedeco/javacpp/opencv_highgui$CvCapture;)Lorg/bytedeco/javacpp/opencv_core$IplImage;+0
j  org.bytedeco.javacv.OpenCVFrameGrabber.start()V+243
j  main.scala.GUI.FaceWebcamDetectorApp.start()V+70
j  main.scala.Resources.Resources$$anon$1.run()V+6
v  ~StubRoutines::call_stub

---------------  P R O C E S S  ---------------

Java Threads: ( => current thread )
=>0x00000000195e7000 JavaThread "Thread-8" [_thread_in_native, id=7368, stack(0x0000000023360000,0x0000000023460000)]
  0x0000000019811800 JavaThread "Thread-7" [_thread_in_native, id=12972, stack(0x0000000023260000,0x0000000023360000)]
  0x0000000000bce800 JavaThread "DestroyJavaVM" [_thread_blocked, id=11720, stack(0x00000000023e0000,0x00000000024e0000)]
  0x0000000019510000 JavaThread "AWT-EventQueue-0" [_thread_blocked, id=10552, stack(0x000000001aba0000,0x000000001aca0000)]
  0x000000001923b800 JavaThread "AWT-Windows" daemon [_thread_in_native, id=8980, stack(0x0000000019c30000,0x0000000019d30000)]
  0x0000000019238800 JavaThread "AWT-Shutdown" [_thread_blocked, id=7912, stack(0x0000000019b30000,0x0000000019c30000)]
  0x0000000019236000 JavaThread "Java2D Disposer" daemon [_thread_blocked, id=13192, stack(0x0000000019a30000,0x0000000019b30000)]
  0x0000000018b30800 JavaThread "Service Thread" daemon [_thread_blocked, id=5776, stack(0x0000000018f00000,0x0000000019000000)]
  0x0000000017167800 JavaThread "C1 CompilerThread2" daemon [_thread_blocked, id=10408, stack(0x0000000018a00000,0x0000000018b00000)]
  0x0000000017164800 JavaThread "C2 CompilerThread1" daemon [_thread_in_vm, id=12452, stack(0x0000000018900000,0x0000000018a00000)]
  0x0000000017162800 JavaThread "C2 CompilerThread0" daemon [_thread_blocked, id=8688, stack(0x0000000018800000,0x0000000018900000)]
  0x0000000017161000 JavaThread "Attach Listener" daemon [_thread_blocked, id=13124, stack(0x0000000018700000,0x0000000018800000)]
  0x0000000017160000 JavaThread "Signal Dispatcher" daemon [_thread_blocked, id=11496, stack(0x0000000018600000,0x0000000018700000)]
  0x00000000025d8800 JavaThread "Finalizer" daemon [_thread_blocked, id=3856, stack(0x00000000183d0000,0x00000000184d0000)]
  0x0000000017129000 JavaThread "Reference Handler" daemon [_thread_blocked, id=10988, stack(0x00000000182d0000,0x00000000183d0000)]

Other Threads:
  0x0000000017127800 VMThread [stack: 0x00000000181d0000,0x00000000182d0000] [id=9676]
  0x0000000018b5e800 WatcherThread [stack: 0x0000000019000000,0x0000000019100000] [id=13196]

VM state:not at safepoint (normal execution)

VM Mutex/Monitor currently owned by a thread: None

Heap:
 PSYoungGen      total 44032K, used 8923K [0x00000000d5d80000, 0x00000000d9600000, 0x0000000100000000)
  eden space 32256K, 8% used [0x00000000d5d80000,0x00000000d600ca18,0x00000000d7d00000)
  from space 11776K, 53% used [0x00000000d8a80000,0x00000000d90aa450,0x00000000d9600000)
  to   space 12800K, 0% used [0x00000000d7d00000,0x00000000d7d00000,0x00000000d8980000)
 ParOldGen       total 51200K, used 12588K [0x0000000081800000, 0x0000000084a00000, 0x00000000d5d80000)
  object space 51200K, 24% used [0x0000000081800000,0x000000008244b028,0x0000000084a00000)
 Metaspace       used 24338K, capacity 24628K, committed 24832K, reserved 1071104K
  class space    used 3229K, capacity 3310K, committed 3328K, reserved 1048576K

Card table byte_map: [0x00000000119a0000,0x0000000011da0000] byte_map_base: 0x0000000011594000

Marking Bits: (ParMarkBitMap*) 0x0000000077f7a5b0
 Begin Bits: [0x0000000012450000, 0x00000000143f0000)
 End Bits:   [0x00000000143f0000, 0x0000000016390000)

Polling page: 0x0000000000bb0000

CodeCache: size=245760Kb used=8156Kb max_used=8191Kb free=237603Kb
 bounds [0x00000000025e0000, 0x0000000002df0000, 0x00000000115e0000]
 total_blobs=3074 nmethods=2388 adapters=597
 compilation: enabled

Compilation events (10 events):
Event: 89.575 Thread 0x0000000017167800 2592       1       java.awt.Window::getContainer (2 bytes)
Event: 89.575 Thread 0x0000000017167800 nmethod 2592 0x0000000002ddead0 code [0x0000000002ddec20, 0x0000000002dded30]
Event: 89.577 Thread 0x0000000017167800 2595       3       java.awt.Rectangle::<init> (9 bytes)
Event: 89.577 Thread 0x0000000017167800 nmethod 2595 0x0000000002dde510 code [0x0000000002dde680, 0x0000000002dde970]
Event: 89.579 Thread 0x0000000017167800 2596       3       javax.swing.UIManager::getDefaults (10 bytes)
Event: 89.579 Thread 0x0000000017167800 nmethod 2596 0x0000000002de5f50 code [0x0000000002de60c0, 0x0000000002de6258]
Event: 89.587 Thread 0x0000000017167800 2597       3       java.awt.Container::createChildHierarchyEvents (76 bytes)
Event: 89.588 Thread 0x0000000017167800 nmethod 2597 0x0000000002de5090 code [0x0000000002de5280, 0x0000000002de5b98]
Event: 89.604 Thread 0x0000000017167800 2598       3       java.awt.Container::hasHeavyweightDescendants (17 bytes)
Event: 89.605 Thread 0x0000000017167800 nmethod 2598 0x0000000002728510 code [0x00000000027286a0, 0x0000000002728b38]

GC Heap History (10 events):
Event: 35.891 GC heap before
{Heap before GC invocations=3 (full 1):
 PSYoungGen      total 38400K, used 5102K [0x00000000d5d80000, 0x00000000d8800000, 0x0000000100000000)
  eden space 33280K, 0% used [0x00000000d5d80000,0x00000000d5d80000,0x00000000d7e00000)
  from space 5120K, 99% used [0x00000000d8300000,0x00000000d87fb820,0x00000000d8800000)
  to   space 5120K, 0% used [0x00000000d7e00000,0x00000000d7e00000,0x00000000d8300000)
 ParOldGen       total 87552K, used 10651K [0x0000000081800000, 0x0000000086d80000, 0x00000000d5d80000)
  object space 87552K, 12% used [0x0000000081800000,0x0000000082266fa8,0x0000000086d80000)
 Metaspace       used 20945K, capacity 21154K, committed 21296K, reserved 1067008K
  class space    used 2843K, capacity 2939K, committed 2944K, reserved 1048576K
Event: 35.935 GC heap after
Heap after GC invocations=3 (full 1):
 PSYoungGen      total 38400K, used 0K [0x00000000d5d80000, 0x00000000d8800000, 0x0000000100000000)
  eden space 33280K, 0% used [0x00000000d5d80000,0x00000000d5d80000,0x00000000d7e00000)
  from space 5120K, 0% used [0x00000000d8300000,0x00000000d8300000,0x00000000d8800000)
  to   space 5120K, 0% used [0x00000000d7e00000,0x00000000d7e00000,0x00000000d8300000)
 ParOldGen       total 51200K, used 11604K [0x0000000081800000, 0x0000000084a00000, 0x00000000d5d80000)
  object space 51200K, 22% used [0x0000000081800000,0x0000000082355088,0x0000000084a00000)
 Metaspace       used 20945K, capacity 21154K, committed 21296K, reserved 1067008K
  class space    used 2843K, capacity 2939K, committed 2944K, reserved 1048576K
}
Event: 39.530 GC heap before
{Heap before GC invocations=4 (full 1):
 PSYoungGen      total 38400K, used 33280K [0x00000000d5d80000, 0x00000000d8800000, 0x0000000100000000)
  eden space 33280K, 100% used [0x00000000d5d80000,0x00000000d7e00000,0x00000000d7e00000)
  from space 5120K, 0% used [0x00000000d8300000,0x00000000d8300000,0x00000000d8800000)
  to   space 5120K, 0% used [0x00000000d7e00000,0x00000000d7e00000,0x00000000d8300000)
 ParOldGen       total 51200K, used 11604K [0x0000000081800000, 0x0000000084a00000, 0x00000000d5d80000)
  object space 51200K, 22% used [0x0000000081800000,0x0000000082355088,0x0000000084a00000)
 Metaspace       used 24015K, capacity 24242K, committed 24576K, reserved 1071104K
  class space    used 3219K, capacity 3299K, committed 3328K, reserved 1048576K
Event: 39.535 GC heap after
Heap after GC invocations=4 (full 1):
 PSYoungGen      total 38400K, used 5091K [0x00000000d5d80000, 0x00000000d8800000, 0x0000000100000000)
  eden space 33280K, 0% used [0x00000000d5d80000,0x00000000d5d80000,0x00000000d7e00000)
  from space 5120K, 99% used [0x00000000d7e00000,0x00000000d82f8e10,0x00000000d8300000)
  to   space 5120K, 0% used [0x00000000d8300000,0x00000000d8300000,0x00000000d8800000)
 ParOldGen       total 51200K, used 12572K [0x0000000081800000, 0x0000000084a00000, 0x00000000d5d80000)
  object space 51200K, 24% used [0x0000000081800000,0x0000000082447028,0x0000000084a00000)
 Metaspace       used 24015K, capacity 24242K, committed 24576K, reserved 1071104K
  class space    used 3219K, capacity 3299K, committed 3328K, reserved 1048576K
}
Event: 42.976 GC heap before
{Heap before GC invocations=5 (full 1):
 PSYoungGen      total 38400K, used 37668K [0x00000000d5d80000, 0x00000000d8800000, 0x0000000100000000)
  eden space 33280K, 97% used [0x00000000d5d80000,0x00000000d7d50458,0x00000000d7e00000)
  from space 5120K, 99% used [0x00000000d7e00000,0x00000000d82f8e10,0x00000000d8300000)
  to   space 5120K, 0% used [0x00000000d8300000,0x00000000d8300000,0x00000000d8800000)
 ParOldGen       total 51200K, used 12572K [0x0000000081800000, 0x0000000084a00000, 0x00000000d5d80000)
  object space 51200K, 24% used [0x0000000081800000,0x0000000082447028,0x0000000084a00000)
 Metaspace       used 24151K, capacity 24430K, committed 24832K, reserved 1071104K
  class space    used 3225K, capacity 3309K, committed 3328K, reserved 1048576K
Event: 42.979 GC heap after
Heap after GC invocations=5 (full 1):
 PSYoungGen      total 38400K, used 3779K [0x00000000d5d80000, 0x00000000d8800000, 0x0000000100000000)
  eden space 33280K, 0% used [0x00000000d5d80000,0x00000000d5d80000,0x00000000d7e00000)
  from space 5120K, 73% used [0x00000000d8300000,0x00000000d86b0c88,0x00000000d8800000)
  to   space 5120K, 0% used [0x00000000d7e00000,0x00000000d7e00000,0x00000000d8300000)
 ParOldGen       total 51200K, used 12580K [0x0000000081800000, 0x0000000084a00000, 0x00000000d5d80000)
  object space 51200K, 24% used [0x0000000081800000,0x0000000082449028,0x0000000084a00000)
 Metaspace       used 24151K, capacity 24430K, committed 24832K, reserved 1071104K
  class space    used 3225K, capacity 3309K, committed 3328K, reserved 1048576K
}
Event: 46.032 GC heap before
{Heap before GC invocations=6 (full 1):
 PSYoungGen      total 38400K, used 36932K [0x00000000d5d80000, 0x00000000d8800000, 0x0000000100000000)
  eden space 33280K, 99% used [0x00000000d5d80000,0x00000000d7de06b8,0x00000000d7e00000)
  from space 5120K, 73% used [0x00000000d8300000,0x00000000d86b0c88,0x00000000d8800000)
  to   space 5120K, 0% used [0x00000000d7e00000,0x00000000d7e00000,0x00000000d8300000)
 ParOldGen       total 51200K, used 12580K [0x0000000081800000, 0x0000000084a00000, 0x00000000d5d80000)
  object space 51200K, 24% used [0x0000000081800000,0x0000000082449028,0x0000000084a00000)
 Metaspace       used 24190K, capacity 24430K, committed 24832K, reserved 1071104K
  class space    used 3225K, capacity 3309K, committed 3328K, reserved 1048576K
Event: 46.034 GC heap after
Heap after GC invocations=6 (full 1):
 PSYoungGen      total 37888K, used 3017K [0x00000000d5d80000, 0x00000000d9780000, 0x0000000100000000)
  eden space 32768K, 0% used [0x00000000d5d80000,0x00000000d5d80000,0x00000000d7d80000)
  from space 5120K, 58% used [0x00000000d7e00000,0x00000000d80f2638,0x00000000d8300000)
  to   space 13312K, 0% used [0x00000000d8a80000,0x00000000d8a80000,0x00000000d9780000)
 ParOldGen       total 51200K, used 12588K [0x0000000081800000, 0x0000000084a00000, 0x00000000d5d80000)
  object space 51200K, 24% used [0x0000000081800000,0x000000008244b028,0x0000000084a00000)
 Metaspace       used 24190K, capacity 24430K, committed 24832K, reserved 1071104K
  class space    used 3225K, capacity 3309K, committed 3328K, reserved 1048576K
}
Event: 89.614 GC heap before
{Heap before GC invocations=7 (full 1):
 PSYoungGen      total 37888K, used 34940K [0x00000000d5d80000, 0x00000000d9780000, 0x0000000100000000)
  eden space 32768K, 97% used [0x00000000d5d80000,0x00000000d7cac9c8,0x00000000d7d80000)
  from space 5120K, 58% used [0x00000000d7e00000,0x00000000d80f2638,0x00000000d8300000)
  to   space 13312K, 0% used [0x00000000d8a80000,0x00000000d8a80000,0x00000000d9780000)
 ParOldGen       total 51200K, used 12588K [0x0000000081800000, 0x0000000084a00000, 0x00000000d5d80000)
  object space 51200K, 24% used [0x0000000081800000,0x000000008244b028,0x0000000084a00000)
 Metaspace       used 24337K, capacity 24564K, committed 24832K, reserved 1071104K
  class space    used 3229K, capacity 3310K, committed 3328K, reserved 1048576K
Event: 89.620 GC heap after
Heap after GC invocations=7 (full 1):
 PSYoungGen      total 44032K, used 6313K [0x00000000d5d80000, 0x00000000d9600000, 0x0000000100000000)
  eden space 32256K, 0% used [0x00000000d5d80000,0x00000000d5d80000,0x00000000d7d00000)
  from space 11776K, 53% used [0x00000000d8a80000,0x00000000d90aa450,0x00000000d9600000)
  to   space 12800K, 0% used [0x00000000d7d00000,0x00000000d7d00000,0x00000000d8980000)
 ParOldGen       total 51200K, used 12588K [0x0000000081800000, 0x0000000084a00000, 0x00000000d5d80000)
  object space 51200K, 24% used [0x0000000081800000,0x000000008244b028,0x0000000084a00000)
 Metaspace       used 24337K, capacity 24564K, committed 24832K, reserved 1071104K
  class space    used 3229K, capacity 3310K, committed 3328K, reserved 1048576K
}

Deoptimization events (10 events):
Event: 7.645 Thread 0x0000000019510000 Uncommon trap: reason=unstable_if action=reinterpret pc=0x000000000294fdf8 method=java.util.concurrent.ConcurrentHashMap.putVal(Ljava/lang/Object;Ljava/lang/Object;Z)Ljava/lang/Object; @ 206
Event: 36.865 Thread 0x00000000194c5000 Uncommon trap: reason=unstable_if action=reinterpret pc=0x0000000002bb5540 method=java.io.WinNTFileSystem.normalize(Ljava/lang/String;)Ljava/lang/String; @ 74
Event: 37.225 Thread 0x0000000019811800 Uncommon trap: reason=predicate action=maybe_recompile pc=0x0000000002bbf834 method=java.util.regex.Pattern$SliceI.match(Ljava/util/regex/Matcher;ILjava/lang/CharSequence;)Z @ 21
Event: 38.313 Thread 0x0000000019510000 Uncommon trap: reason=unstable_if action=reinterpret pc=0x0000000002974f80 method=java.util.WeakHashMap.expungeStaleEntries()V @ 9
Event: 39.207 Thread 0x00000000194c5000 Uncommon trap: reason=class_check action=maybe_recompile pc=0x0000000002c9912c method=org.bytedeco.javacpp.helper.opencv_core$AbstractArray.flipCopyWithGamma(Ljava/nio/ByteBuffer;ILjava/nio/ByteBuffer;IZDZI)V @ 492
Event: 39.207 Thread 0x00000000194c5000 Uncommon trap: reason=class_check action=maybe_recompile pc=0x0000000002c9912c method=org.bytedeco.javacpp.helper.opencv_core$AbstractArray.flipCopyWithGamma(Ljava/nio/ByteBuffer;ILjava/nio/ByteBuffer;IZDZI)V @ 492
Event: 39.207 Thread 0x00000000194c5000 Uncommon trap: reason=class_check action=maybe_recompile pc=0x0000000002c9912c method=org.bytedeco.javacpp.helper.opencv_core$AbstractArray.flipCopyWithGamma(Ljava/nio/ByteBuffer;ILjava/nio/ByteBuffer;IZDZI)V @ 492
Event: 39.207 Thread 0x00000000194c5000 Uncommon trap: reason=class_check action=maybe_recompile pc=0x0000000002c9912c method=org.bytedeco.javacpp.helper.opencv_core$AbstractArray.flipCopyWithGamma(Ljava/nio/ByteBuffer;ILjava/nio/ByteBuffer;IZDZI)V @ 492
Event: 39.283 Thread 0x00000000194c5000 Uncommon trap: reason=predicate action=maybe_recompile pc=0x0000000002cb8df4 method=org.bytedeco.javacpp.helper.opencv_core$AbstractArray.flipCopyWithGamma(Ljava/nio/ByteBuffer;ILjava/nio/ByteBuffer;IZDZI)V @ 491
Event: 39.283 Thread 0x00000000194c5000 Uncommon trap: reason=predicate action=maybe_recompile pc=0x0000000002cba548 method=org.bytedeco.javacpp.helper.opencv_core$AbstractArray.flipCopyWithGamma(Ljava/nio/ByteBuffer;ILjava/nio/ByteBuffer;IZDZI)V @ 484

Internal exceptions (10 events):
Event: 0.429 Thread 0x0000000000bce800 Exception <a 'java/lang/ClassNotFoundException': ToolBarSeparator> (0x00000000d6bb5690) thrown at [C:\re\workspace\8-2-build-windows-amd64-cygwin\jdk8u60\4407\hotspot\src\share\vm\classfile\systemDictionary.cpp, line 210]
Event: 0.430 Thread 0x0000000000bce800 Exception <a 'java/lang/ClassNotFoundException': ToolTip> (0x00000000d6bb5dd0) thrown at [C:\re\workspace\8-2-build-windows-amd64-cygwin\jdk8u60\4407\hotspot\src\share\vm\classfile\systemDictionary.cpp, line 210]
Event: 0.431 Thread 0x0000000000bce800 Exception <a 'java/lang/ClassNotFoundException': Tree> (0x00000000d6bb69f0) thrown at [C:\re\workspace\8-2-build-windows-amd64-cygwin\jdk8u60\4407\hotspot\src\share\vm\classfile\systemDictionary.cpp, line 210]
Event: 0.431 Thread 0x0000000000bce800 Exception <a 'java/lang/ClassNotFoundException': Tree> (0x00000000d6bb7130) thrown at [C:\re\workspace\8-2-build-windows-amd64-cygwin\jdk8u60\4407\hotspot\src\share\vm\classfile\systemDictionary.cpp, line 210]
Event: 0.431 Thread 0x0000000000bce800 Exception <a 'java/lang/ClassNotFoundException': javax/swing/JTreeCell> (0x00000000d6bb74b0) thrown at [C:\re\workspace\8-2-build-windows-amd64-cygwin\jdk8u60\4407\hotspot\src\share\vm\classfile\systemDictionary.cpp, line 210]
Event: 0.431 Thread 0x0000000000bce800 Exception <a 'java/lang/ClassNotFoundException': TreeCell> (0x00000000d6bb7938) thrown at [C:\re\workspace\8-2-build-windows-amd64-cygwin\jdk8u60\4407\hotspot\src\share\vm\classfile\systemDictionary.cpp, line 210]
Event: 0.431 Thread 0x0000000000bce800 Exception <a 'java/lang/ClassNotFoundException': RootPane> (0x00000000d6bb8398) thrown at [C:\re\workspace\8-2-build-windows-amd64-cygwin\jdk8u60\4407\hotspot\src\share\vm\classfile\systemDictionary.cpp, line 210]
Event: 0.649 Thread 0x0000000000bce800 Implicit null exception at 0x00000000027d5956 to 0x00000000027d5c8d
Event: 0.649 Thread 0x0000000000bce800 Implicit null exception at 0x0000000002795896 to 0x0000000002795bc5
Event: 6.555 Thread 0x0000000019510000 Exception <a 'java/lang/NoClassDefFoundError': org/apache/log4j/Priority> (0x00000000d79dcb78) thrown at [C:\re\workspace\8-2-build-windows-amd64-cygwin\jdk8u60\4407\hotspot\src\share\vm\classfile\systemDictionary.cpp, line 199]

Events (10 events):
Event: 89.604 Executing VM operation: RevokeBias done
Event: 89.606 Thread 0x0000000017167800 flushing nmethod 0x0000000002744650
Event: 89.606 Thread 0x0000000017167800 flushing nmethod 0x000000000275b890
Event: 89.606 Thread 0x0000000017167800 flushing nmethod 0x00000000027890d0
Event: 89.608 Executing VM operation: BulkRevokeBias
Event: 89.608 Executing VM operation: BulkRevokeBias done
Event: 89.614 Executing VM operation: ParallelGCFailedAllocation
Event: 89.620 Executing VM operation: ParallelGCFailedAllocation done
Event: 89.712 Executing VM operation: RevokeBias
Event: 89.712 Executing VM operation: RevokeBias done


Dynamic libraries:
0x00007ff6c6e00000 - 0x00007ff6c6e37000 	C:\Program Files\Java\jdk1.8.0_60\jre\bin\java.exe
0x00007ff87c910000 - 0x00007ff87caeb000 	C:\WINDOWS\SYSTEM32\ntdll.dll
0x00007ff879f80000 - 0x00007ff87a02e000 	C:\WINDOWS\System32\KERNEL32.DLL
0x00007ff8793b0000 - 0x00007ff8795f9000 	C:\WINDOWS\System32\KERNELBASE.dll
0x0000000050d30000 - 0x0000000050de3000 	C:\Program Files\Bitdefender\Bitdefender 2017\Active Virus Control\Avc3_00151_028\avcuf64.dll
0x00007ff87a040000 - 0x00007ff87a0e1000 	C:\WINDOWS\System32\ADVAPI32.dll
0x00007ff87a120000 - 0x00007ff87a1bd000 	C:\WINDOWS\System32\msvcrt.dll
0x00007ff87bfa0000 - 0x00007ff87bff9000 	C:\WINDOWS\System32\sechost.dll
0x00007ff87bcd0000 - 0x00007ff87bdf5000 	C:\WINDOWS\System32\RPCRT4.dll
0x00007ff87a2e0000 - 0x00007ff87a42a000 	C:\WINDOWS\System32\USER32.dll
0x00007ff878e30000 - 0x00007ff878e4e000 	C:\WINDOWS\System32\win32u.dll
0x00007ff87a0f0000 - 0x00007ff87a117000 	C:\WINDOWS\System32\GDI32.dll
0x00007ff879170000 - 0x00007ff8792f8000 	C:\WINDOWS\System32\gdi32full.dll
0x00007ff878e50000 - 0x00007ff878eea000 	C:\WINDOWS\System32\msvcp_win.dll
0x00007ff879d70000 - 0x00007ff879e66000 	C:\WINDOWS\System32\ucrtbase.dll
0x00007ff86fcc0000 - 0x00007ff86ff27000 	C:\WINDOWS\WinSxS\amd64_microsoft.windows.common-controls_6595b64144ccf1df_6.0.15063.483_none_26002d27e7c744a2\COMCTL32.dll
0x00007ff87c0b0000 - 0x00007ff87c3a9000 	C:\WINDOWS\System32\combase.dll
0x00007ff879600000 - 0x00007ff87966a000 	C:\WINDOWS\System32\bcryptPrimitives.dll
0x00007ff87c010000 - 0x00007ff87c03d000 	C:\WINDOWS\System32\IMM32.DLL
0x0000000050840000 - 0x0000000050912000 	C:\Program Files\Java\jdk1.8.0_60\jre\bin\msvcr100.dll
0x0000000077770000 - 0x0000000077ff9000 	C:\Program Files\Java\jdk1.8.0_60\jre\bin\server\jvm.dll
0x00007ff87c000000 - 0x00007ff87c008000 	C:\WINDOWS\System32\PSAPI.DLL
0x00007ff871980000 - 0x00007ff871989000 	C:\WINDOWS\SYSTEM32\WSOCK32.dll
0x00007ff87c040000 - 0x00007ff87c0ac000 	C:\WINDOWS\System32\WS2_32.dll
0x00007ff8767a0000 - 0x00007ff8767c3000 	C:\WINDOWS\SYSTEM32\WINMM.dll
0x00007ff86ed20000 - 0x00007ff86ed2a000 	C:\WINDOWS\SYSTEM32\VERSION.dll
0x00007ff876770000 - 0x00007ff87679b000 	C:\WINDOWS\SYSTEM32\WINMMBASE.dll
0x00007ff879120000 - 0x00007ff879169000 	C:\WINDOWS\System32\cfgmgr32.dll
0x0000000052010000 - 0x000000005201f000 	C:\Program Files\Java\jdk1.8.0_60\jre\bin\verify.dll
0x0000000050810000 - 0x0000000050839000 	C:\Program Files\Java\jdk1.8.0_60\jre\bin\java.dll
0x00000000507f0000 - 0x0000000050806000 	C:\Program Files\Java\jdk1.8.0_60\jre\bin\zip.dll
0x00007ff87a430000 - 0x00007ff87b867000 	C:\WINDOWS\System32\SHELL32.dll
0x00007ff87b890000 - 0x00007ff87b93a000 	C:\WINDOWS\System32\shcore.dll
0x00007ff879670000 - 0x00007ff879d63000 	C:\WINDOWS\System32\windows.storage.dll
0x00007ff87a280000 - 0x00007ff87a2d1000 	C:\WINDOWS\System32\shlwapi.dll
0x00007ff878da0000 - 0x00007ff878db1000 	C:\WINDOWS\System32\kernel.appcore.dll
0x00007ff878de0000 - 0x00007ff878e2c000 	C:\WINDOWS\System32\powrprof.dll
0x00007ff878dc0000 - 0x00007ff878dd5000 	C:\WINDOWS\System32\profapi.dll
0x00000000505c0000 - 0x0000000050758000 	C:\Program Files\Java\jdk1.8.0_60\jre\bin\awt.dll
0x00007ff87a1c0000 - 0x00007ff87a280000 	C:\WINDOWS\System32\OLEAUT32.dll
0x00007ff8777b0000 - 0x00007ff87782e000 	C:\WINDOWS\SYSTEM32\apphelp.dll
0x00007ff877880000 - 0x00007ff877915000 	C:\WINDOWS\system32\uxtheme.dll
0x00007ff87bb60000 - 0x00007ff87bcc6000 	C:\WINDOWS\System32\MSCTF.dll
0x00007ff876680000 - 0x00007ff8766aa000 	C:\WINDOWS\system32\dwmapi.dll
0x00007ff87b940000 - 0x00007ff87ba85000 	C:\WINDOWS\System32\ole32.dll
0x0000000050570000 - 0x00000000505b7000 	C:\Program Files\Java\jdk1.8.0_60\jre\bin\fontmanager.dll
0x0000000050530000 - 0x0000000050561000 	C:\Program Files\Java\jdk1.8.0_60\jre\bin\jpeg.dll
0x00007ff875a20000 - 0x00007ff875aa2000 	C:\WINDOWS\System32\TextInputFramework.dll
0x00007ff875740000 - 0x00007ff875a12000 	C:\WINDOWS\System32\CoreUIComponents.dll
0x00007ff8771f0000 - 0x00007ff8772d3000 	C:\WINDOWS\System32\CoreMessaging.dll
0x00007ff878080000 - 0x00007ff8780b1000 	C:\WINDOWS\SYSTEM32\ntmarta.dll
0x00007ff8755e0000 - 0x00007ff875719000 	C:\WINDOWS\SYSTEM32\wintypes.dll
0x00007ff875720000 - 0x00007ff875735000 	C:\WINDOWS\SYSTEM32\usermgrcli.dll
0x0000000050500000 - 0x000000005052a000 	C:\Program Files\Java\jdk1.8.0_60\jre\bin\dcpr.dll
0x00000000507b0000 - 0x00000000507ca000 	C:\Program Files\Java\jdk1.8.0_60\jre\bin\net.dll
0x00007ff878690000 - 0x00007ff8786ec000 	C:\WINDOWS\system32\mswsock.dll
0x0000000050790000 - 0x00000000507a1000 	C:\Program Files\Java\jdk1.8.0_60\jre\bin\nio.dll
0x00000000504b0000 - 0x00000000504f2000 	C:\Program Files\Java\jdk1.8.0_60\jre\bin\t2k.dll
0x0000000050760000 - 0x0000000050784000 	C:\Program Files\Java\jdk1.8.0_60\jre\bin\sunec.dll
0x00007ff878840000 - 0x00007ff878857000 	C:\WINDOWS\SYSTEM32\CRYPTSP.dll
0x00007ff878250000 - 0x00007ff878284000 	C:\WINDOWS\system32\rsaenh.dll
0x00007ff878940000 - 0x00007ff878965000 	C:\WINDOWS\SYSTEM32\bcrypt.dll
0x00007ff878cb0000 - 0x00007ff878cd9000 	C:\WINDOWS\SYSTEM32\USERENV.dll
0x00007ff878830000 - 0x00007ff87883b000 	C:\WINDOWS\SYSTEM32\CRYPTBASE.dll
0x00007ff8783d0000 - 0x00007ff878407000 	C:\WINDOWS\SYSTEM32\IPHLPAPI.DLL
0x00007ff87bb50000 - 0x00007ff87bb58000 	C:\WINDOWS\System32\NSI.dll
0x00007ff86d740000 - 0x00007ff86d756000 	C:\WINDOWS\SYSTEM32\dhcpcsvc6.DLL
0x00007ff86d820000 - 0x00007ff86d83a000 	C:\WINDOWS\SYSTEM32\dhcpcsvc.DLL
0x00007ff878480000 - 0x00007ff878524000 	C:\WINDOWS\SYSTEM32\DNSAPI.dll
0x00007ff865eb0000 - 0x00007ff865eba000 	C:\Windows\System32\rasadhlp.dll
0x00007ff867880000 - 0x00007ff8678eb000 	C:\WINDOWS\System32\fwpuclnt.dll
0x00007ff85f9b0000 - 0x00007ff85f9c6000 	C:\WINDOWS\system32\napinsp.dll
0x00007ff85f850000 - 0x00007ff85f86a000 	C:\WINDOWS\system32\pnrpnsp.dll
0x00007ff871e70000 - 0x00007ff871e88000 	C:\WINDOWS\system32\NLAapi.dll
0x00007ff85f840000 - 0x00007ff85f84e000 	C:\WINDOWS\System32\winrnr.dll
0x0000000075020000 - 0x00000000750f1000 	C:\Users\Dyana\AppData\Local\Temp\javacpp3718200247739\msvcr100.dll
0x0000000074f80000 - 0x0000000075018000 	C:\Users\Dyana\AppData\Local\Temp\javacpp3718200247739\msvcp100.dll
0x00007ff8378a0000 - 0x00007ff837b12000 	C:\Users\Dyana\AppData\Local\Temp\javacpp3718200247739\opencv_core249.dll
0x00007ff8494c0000 - 0x00007ff849665000 	C:\Users\Dyana\AppData\Local\Temp\javacpp3718200247739\jniopencv_core.dll
0x00007ff8375e0000 - 0x00007ff837894000 	C:\Users\Dyana\AppData\Local\Temp\javacpp3718200247739\opencv_imgproc249.dll
0x00007ff84dab0000 - 0x00007ff84db53000 	C:\Users\Dyana\AppData\Local\Temp\javacpp3718200247739\jniopencv_imgproc.dll
0x0000000066840000 - 0x00000000676b4000 	C:\Users\Dyana\AppData\Local\Temp\javacpp3718200247739\opencv_ffmpeg249_64.dll
0x00007ff836c30000 - 0x00007ff836e7d000 	C:\Users\Dyana\AppData\Local\Temp\javacpp3718200247739\opencv_highgui249.dll
0x00007ff872070000 - 0x00007ff87208f000 	C:\WINDOWS\SYSTEM32\AVIFIL32.dll
0x00007ff85d0e0000 - 0x00007ff85d109000 	C:\WINDOWS\SYSTEM32\MSVFW32.dll
0x00007ff872050000 - 0x00007ff872068000 	C:\WINDOWS\SYSTEM32\AVICAP32.dll
0x00007ff86d5c0000 - 0x00007ff86d5dc000 	C:\WINDOWS\SYSTEM32\MSACM32.dll
0x00007ff851f70000 - 0x00007ff851fbf000 	C:\Users\Dyana\AppData\Local\Temp\javacpp3718200247739\jniopencv_highgui.dll
0x00007ff84d330000 - 0x00007ff84d3fa000 	C:\Users\Dyana\AppData\Local\Temp\javacpp3718200247739\opencv_objdetect249.dll
0x00007ff84eaf0000 - 0x00007ff84eb5a000 	C:\Users\Dyana\AppData\Local\Temp\javacpp3718200247739\jniopencv_objdetect.dll
0x00007ff87c870000 - 0x00007ff87c90e000 	C:\WINDOWS\System32\clbcatq.dll
0x00007ff8523d0000 - 0x00007ff8523e7000 	C:\Windows\System32\devenum.dll
0x00007ff87c430000 - 0x00007ff87c86b000 	C:\WINDOWS\System32\setupapi.dll
0x00007ff877850000 - 0x00007ff877878000 	C:\WINDOWS\SYSTEM32\DEVOBJ.dll
0x00007ff8790c0000 - 0x00007ff879116000 	C:\WINDOWS\System32\WINTRUST.dll
0x00007ff878d80000 - 0x00007ff878d91000 	C:\WINDOWS\System32\MSASN1.dll
0x00007ff878ef0000 - 0x00007ff8790b9000 	C:\WINDOWS\System32\CRYPT32.dll
0x00007ff86fb80000 - 0x00007ff86fb8b000 	C:\WINDOWS\SYSTEM32\msdmo.dll
0x00007ff8502c0000 - 0x00007ff8502f2000 	C:\Windows\System32\qcap.dll
0x00007ff84d5b0000 - 0x00007ff84d76c000 	C:\Windows\System32\quartz.dll
0x00007ff84fad0000 - 0x00007ff84fb1d000 	C:\Windows\System32\mfksproxy.dll
0x00007ff8767d0000 - 0x00007ff8767ec000 	C:\Windows\System32\ATL.DLL
0x00007ff84f9f0000 - 0x00007ff84fa22000 	C:\Windows\System32\MFSENSORGROUP.dll
0x00007ff855930000 - 0x00007ff855ad0000 	C:\Windows\System32\MFPlat.DLL
0x00007ff86e7a0000 - 0x00007ff86e7d2000 	C:\Windows\System32\RTWorkQ.DLL
0x00007ff84f9a0000 - 0x00007ff84f9e8000 	C:\Windows\System32\ksproxy.ax
0x00007ff848820000 - 0x00007ff848829000 	C:\Windows\System32\ksuser.dll
0x00007ff84bb50000 - 0x00007ff84bcd9000 	C:\Windows\System32\d3d9.dll
0x00007ff870240000 - 0x00007ff8702b7000 	C:\WINDOWS\SYSTEM32\policymanager.dll
0x00007ff8701b0000 - 0x00007ff87023f000 	C:\Windows\System32\msvcp110_win.dll
0x00007ff86bdd0000 - 0x00007ff86bddc000 	C:\Windows\System32\vidcap.ax
0x00007ff84f970000 - 0x00007ff84f996000 	C:\Windows\System32\kswdmcap.ax
0x00007ff84b9e0000 - 0x00007ff84bb44000 	C:\Windows\System32\MFC42.dll
0x00007ff84f190000 - 0x00007ff84f22f000 	C:\Windows\System32\qedit.dll
0x00007ff879e70000 - 0x00007ff879f78000 	C:\WINDOWS\System32\COMDLG32.dll
0x00007ff869240000 - 0x00007ff8693d5000 	C:\WINDOWS\WinSxS\amd64_microsoft.windows.gdiplus_6595b64144ccf1df_1.1.15063.483_none_56eb200d4259be70\gdiplus.dll
0x00007ff8708a0000 - 0x00007ff870996000 	C:\Windows\System32\DDRAW.dll
0x00007ff875dd0000 - 0x00007ff875dd8000 	C:\Windows\System32\DCIMAN32.dll
0x00007ff8633a0000 - 0x00007ff863549000 	C:\WINDOWS\SYSTEM32\dbghelp.dll
0x00007ff863fb0000 - 0x00007ff863fd9000 	C:\WINDOWS\SYSTEM32\dbgcore.DLL

VM Arguments:
java_command: main.scala.GUI.MainMenu
java_class_path (initial): C:\Users\Dyana\workspace\PhotoM\target\scala-2.10\classes;C:\Users\Dyana\.sbt\boot\scala-2.10.6\lib\scala-library.jar;C:\Users\Dyana\.ivy2\cache\org.apache.httpcomponents\httpclient\jars\httpclient-4.5.3.jar;C:\Users\Dyana\.ivy2\cache\org.apache.httpcomponents\httpcore\jars\httpcore-4.4.6.jar;C:\Users\Dyana\.ivy2\cache\commons-logging\commons-logging\jars\commons-logging-1.2.jar;C:\Users\Dyana\.ivy2\cache\commons-codec\commons-codec\jars\commons-codec-1.9.jar;C:\Users\Dyana\.ivy2\cache\org.json\json\bundles\json-20170516.jar;C:\Users\Dyana\.ivy2\cache\org.scala-lang\scala-swing\jars\scala-swing-2.10.6.jar;C:\Users\Dyana\.ivy2\cache\commons-io\commons-io\jars\commons-io-2.5.jar;C:\Users\Dyana\.ivy2\cache\org.bytedeco\javacv\jars\javacv-0.9.jar;C:\Users\Dyana\.ivy2\cache\org.bytedeco\javacpp\maven-plugins\javacpp-0.9.jar;C:\Users\Dyana\.ivy2\cache\org.bytedeco.javacpp-presets\opencv\jars\opencv-2.4.9-0.9-windows-x86_64.jar;C:\Users\Dyana\.ivy2\cache\org.bytedeco.javacpp-presets\opencv\jars\opencv-2.4.9-0.9.jar;C:\Users\Dyana\.ivy2\cache\net.imagej\ij\jars\ij-1.47v.jar
Launcher Type: SUN_STANDARD

Environment Variables:
JAVA_HOME=C:\Program Files\Java\jdk1.8.0_60\
PATH=C:\Program Files\Java\jdk1.8.0_60\\bin;C:\Program Files\Haskell\bin;C:\Program Files\Haskell Platform\8.0.1\lib\extralibs\bin;C:\Program Files\Haskell Platform\8.0.1\bin;C:\Program Files\OCaml\bin;C:\ProgramData\Oracle\Java\javapath;C:\Program Files (x86)\Intel\iCLS Client\;C:\Program Files\Intel\iCLS Client\;C:\WINDOWS\system32;C:\WINDOWS;C:\WINDOWS\System32\Wbem;C:\WINDOWS\System32\WindowsPowerShell\v1.0\;C:\Program Files\Intel\Intel(R) Management Engine Components\DAL;C:\Program Files (x86)\Intel\Intel(R) Management Engine Components\DAL;C:\Program Files\Intel\Intel(R) Management Engine Components\IPT;C:\Program Files (x86)\Intel\Intel(R) Management Engine Components\IPT;C:\Program Files\leJOS EV3\bin;C:\Program Files (x86)\leJOS NXJ\bin;C:\Program Files (x86)\NVIDIA Corporation\PhysX\Common;C:\Program Files\Haskell Platform\8.0.1\mingw\bin;C:\Program Files (x86)\GNU\GnuPG\pub;C:\Program Files\MATLAB\R2016b\runtime\win64;C:\Program Files\MATLAB\R2016b\bin;C:\Program Files\Git\cmd;C:\Program Files (x86)\Skype\Phone\;C:\WINDOWS\system32;C:\WINDOWS;C:\WINDOWS\System32\Wbem;C:\WINDOWS\System32\WindowsPowerShell\v1.0\;C:\Program Files (x86)\sbt\bin;C:\Users\Dyana\AppData\Roaming\cabal\bin;C:\Users\Dyana\AppData\Roaming\local\bin;C:\Program Files\Java\jdk1.8.0_60\bin;C:\Program Files\SSH;C:\Users\Dyana\AppData\Local\Microsoft\WindowsApps;
USERNAME=Dyana
OS=Windows_NT
PROCESSOR_IDENTIFIER=Intel64 Family 6 Model 61 Stepping 4, GenuineIntel



---------------  S Y S T E M  ---------------

OS: Windows 10.0 , 64 bit Build 15063 (10.0.15063.296)

CPU:total 4 (2 cores per cpu, 2 threads per core) family 6 model 61 stepping 4, cmov, cx8, fxsr, mmx, sse, sse2, sse3, ssse3, sse4.1, sse4.2, popcnt, avx, avx2, aes, clmul, erms, 3dnowpref, lzcnt, ht, tsc, tscinvbit, bmi1, bmi2, adx

Memory: 4k page, physical 8286044k(3622600k free), swap 13791068k(3408496k free)

vm_info: Java HotSpot(TM) 64-Bit Server VM (25.60-b23) for windows-amd64 JRE (1.8.0_60-b27), built on Aug  4 2015 11:06:27 by "java_re" with MS VC++ 10.0 (VS2010)

time: Fri Sep 08 01:56:22 2017
elapsed time: 89 seconds (0d 0h 1m 29s)

